#
# There is insufficient memory for the Java Runtime Environment to continue.
# Native memory allocation (malloc) failed to allocate 32744 bytes for ChunkPool::allocate
# Possible reasons:
#   The system is out of physical RAM or swap space
#   The process is running with CompressedOops enabled, and the Java Heap may be blocking the growth of the native heap
# Possible solutions:
#   Reduce memory load on the system
#   Increase physical memory or swap space
#   Check if swap backing store is full
#   Decrease Java heap size (-Xmx/-Xms)
#   Decrease number of Java threads
#   Decrease Java thread stack sizes (-Xss)
#   Set larger code cache with -XX:ReservedCodeCacheSize=
#   JVM is running with Unscaled Compressed Oops mode in which the Java heap is
#     placed in the first 4GB address space. The Java Heap base address is the
#     maximum limit for the native heap growth. Please use -XX:HeapBaseMinAddress
#     to set the Java Heap base and to place the Java Heap above 4GB virtual address.
# This output file may be truncated or incomplete.
#
#  Out of Memory Error (allocation.cpp:272), pid=1032, tid=0x0000000000000828
#
# JRE version: OpenJDK Runtime Environment (8.0_242-b01) (build 1.8.0_242-release-1644-b01)
# Java VM: OpenJDK 64-Bit Server VM (25.242-b01 mixed mode windows-amd64 compressed oops)
# Failed to write core dump. Minidumps are not enabled by default on client versions of Windows
#

---------------  T H R E A D  ---------------

Current thread (0x0000000019c59000):  JavaThread "C2 CompilerThread2" daemon [_thread_in_native, id=2088, stack(0x000000001a720000,0x000000001a820000)]

Stack: [0x000000001a720000,0x000000001a820000]
[error occurred during error reporting (printing stack bounds), id 0xc0000005]

Native frames: (J=compiled Java code, j=interpreted, Vv=VM code, C=native code)


Current CompileTask:
C2:  33319 1316       4       org.gradle.launcher.daemon.context.DefaultDaemonContext$Serializer::read (182 bytes)


---------------  P R O C E S S  ---------------

Java Threads: ( => current thread )
  0x000000001b35c800 JavaThread "Exec process Thread 2" [_thread_blocked, id=13408, stack(0x000000001d180000,0x000000001d280000)]
  0x000000001b35a000 JavaThread "Exec process" [_thread_in_native, id=15916, stack(0x0000000001130000,0x0000000001230000)]
  0x000000001b318800 JavaThread "pool-1-thread-1" [_thread_blocked, id=24064, stack(0x000000001c2f0000,0x000000001c3f0000)]
  0x0000000019c7c800 JavaThread "Service Thread" daemon [_thread_blocked, id=13748, stack(0x000000001a920000,0x000000001aa20000)]
  0x0000000019c68000 JavaThread "C1 CompilerThread3" daemon [_thread_blocked, id=2448, stack(0x000000001a820000,0x000000001a920000)]
=>0x0000000019c59000 JavaThread "C2 CompilerThread2" daemon [_thread_in_native, id=2088, stack(0x000000001a720000,0x000000001a820000)]
  0x0000000019c55800 JavaThread "C2 CompilerThread1" daemon [_thread_blocked, id=8676, stack(0x000000001a620000,0x000000001a720000)]
  0x0000000019c53000 JavaThread "C2 CompilerThread0" daemon [_thread_blocked, id=4336, stack(0x000000001a520000,0x000000001a620000)]
  0x0000000019c51000 JavaThread "Attach Listener" daemon [_thread_blocked, id=16136, stack(0x000000001a420000,0x000000001a520000)]
  0x0000000019c4f000 JavaThread "Signal Dispatcher" daemon [_thread_blocked, id=19652, stack(0x000000001a320000,0x000000001a420000)]
  0x0000000019c40800 JavaThread "Finalizer" daemon [_thread_blocked, id=11772, stack(0x000000001a120000,0x000000001a220000)]
  0x0000000017e5c800 JavaThread "Reference Handler" daemon [_thread_blocked, id=2412, stack(0x000000001a020000,0x000000001a120000)]
  0x0000000002e62800 JavaThread "main" [_thread_blocked, id=15304, stack(0x0000000002cf0000,0x0000000002df0000)]

Other Threads:
  0x0000000017e56800 VMThread [stack: 0x0000000019b20000,0x0000000019c20000] [id=16844]
  0x0000000019c7e800 WatcherThread [stack: 0x000000001aa20000,0x000000001ab20000] [id=18500]

VM state:not at safepoint (normal execution)

VM Mutex/Monitor currently owned by a thread: None

heap address: 0x0000000082600000, size: 2010 MB, Compressed Oops mode: 32-bit
Narrow klass base: 0x0000000000000000, Narrow klass shift: 3
Compressed class space size: 1073741824 Address: 0x0000000100000000

Heap:
 PSYoungGen      total 37888K, used 29765K [0x00000000d6200000, 0x00000000d8c00000, 0x0000000100000000)
  eden space 32768K, 75% used [0x00000000d6200000,0x00000000d7a137e0,0x00000000d8200000)
  from space 5120K, 99% used [0x00000000d8700000,0x00000000d8bfdc78,0x00000000d8c00000)
  to   space 5120K, 0% used [0x00000000d8200000,0x00000000d8200000,0x00000000d8700000)
 ParOldGen       total 86016K, used 1054K [0x0000000082600000, 0x0000000087a00000, 0x00000000d6200000)
  object space 86016K, 1% used [0x0000000082600000,0x0000000082707980,0x0000000087a00000)
 Metaspace       used 11578K, capacity 11884K, committed 12160K, reserved 1060864K
  class space    used 1489K, capacity 1604K, committed 1664K, reserved 1048576K

Card table byte_map: [0x0000000012320000,0x0000000012710000] byte_map_base: 0x0000000011f0d000

Marking Bits: (ParMarkBitMap*) 0x0000000074aff030
 Begin Bits: [0x00000000131b0000, 0x0000000015118000)
 End Bits:   [0x0000000015118000, 0x0000000017080000)

Polling page: 0x0000000001020000

CodeCache: size=245760Kb used=4632Kb max_used=4644Kb free=241127Kb
 bounds [0x0000000002f60000, 0x00000000033f0000, 0x0000000011f60000]
 total_blobs=1679 nmethods=1315 adapters=277
 compilation: enabled

Compilation events (10 events):
Event: 33.223 Thread 0x0000000019c68000 nmethod 1314 0x00000000033e1550 code [0x00000000033e16c0, 0x00000000033e1a10]
Event: 33.237 Thread 0x0000000019c68000 1315       3       java.nio.Buffer::limit (62 bytes)
Event: 33.238 Thread 0x0000000019c68000 nmethod 1315 0x00000000033e1010 code [0x00000000033e1180, 0x00000000033e1488]
Event: 33.252 Thread 0x0000000019c59000 1316       4       org.gradle.launcher.daemon.context.DefaultDaemonContext$Serializer::read (182 bytes)
Event: 33.253 Thread 0x0000000019c55800 1317       4       java.util.HashMap::get (23 bytes)
Event: 33.258 Thread 0x0000000019c55800 nmethod 1317 0x00000000033e8b90 code [0x00000000033e8ce0, 0x00000000033e8fb8]
Event: 33.262 Thread 0x0000000019c53000 1318  s    4       java.lang.StringBuffer::toString (36 bytes)
Event: 33.266 Thread 0x0000000019c53000 nmethod 1318 0x00000000033ea390 code [0x00000000033ea4e0, 0x00000000033eaa78]
Event: 33.289 Thread 0x0000000019c55800 1319       4       java.util.HashMap$EntryIterator::next (5 bytes)
Event: 33.293 Thread 0x0000000019c55800 nmethod 1319 0x0000000003064290 code [0x00000000030643e0, 0x00000000030645b8]

GC Heap History (4 events):
Event: 2.537 GC heap before
{Heap before GC invocations=1 (full 0):
 PSYoungGen      total 37888K, used 32768K [0x00000000d6200000, 0x00000000d8c00000, 0x0000000100000000)
  eden space 32768K, 100% used [0x00000000d6200000,0x00000000d8200000,0x00000000d8200000)
  from space 5120K, 0% used [0x00000000d8700000,0x00000000d8700000,0x00000000d8c00000)
  to   space 5120K, 0% used [0x00000000d8200000,0x00000000d8200000,0x00000000d8700000)
 ParOldGen       total 86016K, used 0K [0x0000000082600000, 0x0000000087a00000, 0x00000000d6200000)
  object space 86016K, 0% used [0x0000000082600000,0x0000000082600000,0x0000000087a00000)
 Metaspace       used 8664K, capacity 8954K, committed 9216K, reserved 1056768K
  class space    used 1132K, capacity 1247K, committed 1280K, reserved 1048576K
Event: 2.578 GC heap after
Heap after GC invocations=1 (full 0):
 PSYoungGen      total 37888K, used 4788K [0x00000000d6200000, 0x00000000d8c00000, 0x0000000100000000)
  eden space 32768K, 0% used [0x00000000d6200000,0x00000000d6200000,0x00000000d8200000)
  from space 5120K, 93% used [0x00000000d8200000,0x00000000d86ad340,0x00000000d8700000)
  to   space 5120K, 0% used [0x00000000d8700000,0x00000000d8700000,0x00000000d8c00000)
 ParOldGen       total 86016K, used 16K [0x0000000082600000, 0x0000000087a00000, 0x00000000d6200000)
  object space 86016K, 0% used [0x0000000082600000,0x0000000082604000,0x0000000087a00000)
 Metaspace       used 8664K, capacity 8954K, committed 9216K, reserved 1056768K
  class space    used 1132K, capacity 1247K, committed 1280K, reserved 1048576K
}
Event: 20.319 GC heap before
{Heap before GC invocations=2 (full 0):
 PSYoungGen      total 37888K, used 37556K [0x00000000d6200000, 0x00000000d8c00000, 0x0000000100000000)
  eden space 32768K, 100% used [0x00000000d6200000,0x00000000d8200000,0x00000000d8200000)
  from space 5120K, 93% used [0x00000000d8200000,0x00000000d86ad340,0x00000000d8700000)
  to   space 5120K, 0% used [0x00000000d8700000,0x00000000d8700000,0x00000000d8c00000)
 ParOldGen       total 86016K, used 16K [0x0000000082600000, 0x0000000087a00000, 0x00000000d6200000)
  object space 86016K, 0% used [0x0000000082600000,0x0000000082604000,0x0000000087a00000)
 Metaspace       used 11530K, capacity 11820K, committed 12160K, reserved 1060864K
  class space    used 1489K, capacity 1604K, committed 1664K, reserved 1048576K
Event: 20.332 GC heap after
Heap after GC invocations=2 (full 0):
 PSYoungGen      total 37888K, used 5111K [0x00000000d6200000, 0x00000000d8c00000, 0x0000000100000000)
  eden space 32768K, 0% used [0x00000000d6200000,0x00000000d6200000,0x00000000d8200000)
  from space 5120K, 99% used [0x00000000d8700000,0x00000000d8bfdc78,0x00000000d8c00000)
  to   space 5120K, 0% used [0x00000000d8200000,0x00000000d8200000,0x00000000d8700000)
 ParOldGen       total 86016K, used 1054K [0x0000000082600000, 0x0000000087a00000, 0x00000000d6200000)
  object space 86016K, 1% used [0x0000000082600000,0x0000000082707980,0x0000000087a00000)
 Metaspace       used 11530K, capacity 11820K, committed 12160K, reserved 1060864K
  class space    used 1489K, capacity 1604K, committed 1664K, reserved 1048576K
}

Deoptimization events (10 events):
Event: 2.131 Thread 0x0000000002e62800 Uncommon trap: reason=class_check action=maybe_recompile pc=0x0000000003146b5c method=java.util.regex.Matcher.match(II)Z @ 86
Event: 2.131 Thread 0x0000000002e62800 Uncommon trap: reason=class_check action=maybe_recompile pc=0x0000000003146b5c method=java.util.regex.Matcher.match(II)Z @ 86
Event: 2.131 Thread 0x0000000002e62800 Uncommon trap: reason=class_check action=maybe_recompile pc=0x0000000003146b5c method=java.util.regex.Matcher.match(II)Z @ 86
Event: 2.131 Thread 0x0000000002e62800 Uncommon trap: reason=class_check action=maybe_recompile pc=0x0000000003146b5c method=java.util.regex.Matcher.match(II)Z @ 86
Event: 2.437 Thread 0x0000000002e62800 Uncommon trap: reason=bimorphic action=maybe_recompile pc=0x00000000031b3cbc method=java.util.HashMap.putVal(ILjava/lang/Object;Ljava/lang/Object;ZZ)Ljava/lang/Object; @ 91
Event: 2.844 Thread 0x0000000002e62800 Uncommon trap: reason=unstable_if action=reinterpret pc=0x00000000031e99b4 method=java.util.HashMap.getNode(ILjava/lang/Object;)Ljava/util/HashMap$Node; @ 129
Event: 2.844 Thread 0x0000000002e62800 Uncommon trap: reason=class_check action=maybe_recompile pc=0x000000000321d3e0 method=java.util.HashMap.putVal(ILjava/lang/Object;Ljava/lang/Object;ZZ)Ljava/lang/Object; @ 203
Event: 5.118 Thread 0x000000001be64000 Uncommon trap: reason=unstable_if action=reinterpret pc=0x00000000031e5184 method=java.util.HashMap.getNode(ILjava/lang/Object;)Ljava/util/HashMap$Node; @ 129
Event: 5.118 Thread 0x000000001be64000 Uncommon trap: reason=class_check action=maybe_recompile pc=0x000000000321d3e0 method=java.util.HashMap.putVal(ILjava/lang/Object;Ljava/lang/Object;ZZ)Ljava/lang/Object; @ 203
Event: 5.118 Thread 0x000000001be64000 Uncommon trap: reason=class_check action=maybe_recompile pc=0x000000000321d3e0 method=java.util.HashMap.putVal(ILjava/lang/Object;Ljava/lang/Object;ZZ)Ljava/lang/Object; @ 203

Classes redefined (0 events):
No events

Internal exceptions (10 events):
Event: 2.752 Thread 0x0000000002e62800 Exception <a 'java/lang/ArrayIndexOutOfBoundsException'> (0x00000000d6420f18) thrown at [C:\src\AOSP-openjdk-git\hotspot\src\share\vm\runtime\sharedRuntime.cpp, line 605]
Event: 2.753 Thread 0x0000000002e62800 Exception <a 'java/lang/ArrayIndexOutOfBoundsException'> (0x00000000d6421fe8) thrown at [C:\src\AOSP-openjdk-git\hotspot\src\share\vm\runtime\sharedRuntime.cpp, line 605]
Event: 2.754 Thread 0x0000000002e62800 Exception <a 'java/lang/ArrayIndexOutOfBoundsException'> (0x00000000d64248c8) thrown at [C:\src\AOSP-openjdk-git\hotspot\src\share\vm\runtime\sharedRuntime.cpp, line 605]
Event: 2.754 Thread 0x0000000002e62800 Exception <a 'java/lang/ArrayIndexOutOfBoundsException'> (0x00000000d64284e0) thrown at [C:\src\AOSP-openjdk-git\hotspot\src\share\vm\runtime\sharedRuntime.cpp, line 605]
Event: 2.754 Thread 0x0000000002e62800 Exception <a 'java/lang/ArrayIndexOutOfBoundsException'> (0x00000000d642a9c8) thrown at [C:\src\AOSP-openjdk-git\hotspot\src\share\vm\runtime\sharedRuntime.cpp, line 605]
Event: 2.754 Thread 0x0000000002e62800 Exception <a 'java/lang/ArrayIndexOutOfBoundsException'> (0x00000000d642bce0) thrown at [C:\src\AOSP-openjdk-git\hotspot\src\share\vm\runtime\sharedRuntime.cpp, line 605]
Event: 2.754 Thread 0x0000000002e62800 Exception <a 'java/lang/ArrayIndexOutOfBoundsException'> (0x00000000d642dff0) thrown at [C:\src\AOSP-openjdk-git\hotspot\src\share\vm\runtime\sharedRuntime.cpp, line 605]
Event: 10.365 Thread 0x0000000002e62800 Exception <a 'java/io/IOException'> (0x00000000d733e080) thrown at [C:\src\AOSP-openjdk-git\hotspot\src\share\vm\prims\jni.cpp, line 710]
Event: 13.682 Thread 0x0000000002e62800 Exception <a 'java/io/IOException'> (0x00000000d770bbd8) thrown at [C:\src\AOSP-openjdk-git\hotspot\src\share\vm\prims\jni.cpp, line 710]
Event: 33.240 Thread 0x0000000002e62800 Exception <a 'java/io/IOException'> (0x00000000d7574258) thrown at [C:\src\AOSP-openjdk-git\hotspot\src\share\vm\prims\jni.cpp, line 710]

Events (10 events):
Event: 33.238 Thread 0x0000000019c68000 flushing nmethod 0x0000000003062b90
Event: 33.238 Thread 0x0000000019c68000 flushing nmethod 0x0000000003064290
Event: 33.290 Thread 0x000000001b35a000 Thread added: 0x000000001b35a000
Event: 33.294 Thread 0x000000001b35c000 Thread added: 0x000000001b35c000
Event: 33.294 Thread 0x000000001b35c800 Thread added: 0x000000001b35c800
Event: 33.296 Executing VM operation: RevokeBias
Event: 33.296 Executing VM operation: RevokeBias done
Event: 33.296 Thread 0x000000001b35c000 Thread exited: 0x000000001b35c000
Event: 33.296 Executing VM operation: RevokeBias
Event: 33.296 Executing VM operation: RevokeBias done


Dynamic libraries:
0x00007ff6ebf90000 - 0x00007ff6ebfc1000 	D:\installation and crap\jre\bin\java.exe
0x00007ff846780000 - 0x00007ff846989000 	C:\WINDOWS\SYSTEM32\ntdll.dll
0x00007ff846270000 - 0x00007ff84632d000 	C:\WINDOWS\System32\KERNEL32.DLL
0x00007ff843ea0000 - 0x00007ff844214000 	C:\WINDOWS\System32\KERNELBASE.dll
0x00007ff840e20000 - 0x00007ff840eb1000 	C:\WINDOWS\SYSTEM32\apphelp.dll
0x00007ff846560000 - 0x00007ff84660e000 	C:\WINDOWS\System32\ADVAPI32.dll
0x00007ff844620000 - 0x00007ff8446c3000 	C:\WINDOWS\System32\msvcrt.dll
0x00007ff8460b0000 - 0x00007ff84614e000 	C:\WINDOWS\System32\sechost.dll
0x00007ff846620000 - 0x00007ff846740000 	C:\WINDOWS\System32\RPCRT4.dll
0x00007ff846390000 - 0x00007ff84653c000 	C:\WINDOWS\System32\USER32.dll
0x00007ff844530000 - 0x00007ff844556000 	C:\WINDOWS\System32\win32u.dll
0x00007ff845160000 - 0x00007ff845189000 	C:\WINDOWS\System32\GDI32.dll
0x00007ff844220000 - 0x00007ff844332000 	C:\WINDOWS\System32\gdi32full.dll
0x00007ff843ce0000 - 0x00007ff843d7d000 	C:\WINDOWS\System32\msvcp_win.dll
0x00007ff843d80000 - 0x00007ff843e91000 	C:\WINDOWS\System32\ucrtbase.dll
0x00007ff8254a0000 - 0x00007ff825745000 	C:\WINDOWS\WinSxS\amd64_microsoft.windows.common-controls_6595b64144ccf1df_6.0.22000.120_none_9d947278b86cc467\COMCTL32.dll
0x00007ff845f80000 - 0x00007ff845fb1000 	C:\WINDOWS\System32\IMM32.DLL
0x00000000751f0000 - 0x00000000752c2000 	D:\installation and crap\jre\jre\bin\msvcr100.dll
0x0000000074330000 - 0x0000000074b7b000 	D:\installation and crap\jre\jre\bin\server\jvm.dll
0x00007ff845f70000 - 0x00007ff845f78000 	C:\WINDOWS\System32\PSAPI.DLL
0x00007ff83e800000 - 0x00007ff83e80a000 	C:\WINDOWS\SYSTEM32\VERSION.dll
0x00007ff83edc0000 - 0x00007ff83edf3000 	C:\WINDOWS\SYSTEM32\WINMM.dll
0x00007ff8288e0000 - 0x00007ff8288e9000 	C:\WINDOWS\SYSTEM32\WSOCK32.dll
0x00007ff845cc0000 - 0x00007ff845d2f000 	C:\WINDOWS\System32\WS2_32.dll
0x00007ff83fef0000 - 0x00007ff83feff000 	D:\installation and crap\jre\jre\bin\verify.dll
0x00007ff8364b0000 - 0x00007ff8364d9000 	D:\installation and crap\jre\jre\bin\java.dll
0x00007ff836cd0000 - 0x00007ff836ce6000 	D:\installation and crap\jre\jre\bin\zip.dll
0x00007ff845420000 - 0x00007ff845bce000 	C:\WINDOWS\System32\SHELL32.dll
0x00007ff841db0000 - 0x00007ff842617000 	C:\WINDOWS\SYSTEM32\windows.storage.dll
0x00007ff844900000 - 0x00007ff844c78000 	C:\WINDOWS\System32\combase.dll
0x00007ff841c40000 - 0x00007ff841da6000 	C:\WINDOWS\SYSTEM32\wintypes.dll
0x00007ff845bd0000 - 0x00007ff845cba000 	C:\WINDOWS\System32\SHCORE.dll
0x00007ff8448a0000 - 0x00007ff8448fd000 	C:\WINDOWS\System32\shlwapi.dll
0x00007ff843ba0000 - 0x00007ff843bc1000 	C:\WINDOWS\SYSTEM32\profapi.dll
0x00007ff836ca0000 - 0x00007ff836cba000 	D:\installation and crap\jre\jre\bin\net.dll
0x00007ff843290000 - 0x00007ff8432f7000 	C:\WINDOWS\system32\mswsock.dll
0x00007ff835dd0000 - 0x00007ff835de3000 	D:\installation and crap\jre\jre\bin\nio.dll
0x00007ff834d50000 - 0x00007ff834d76000 	C:\Users\spars\.gradle\native\fdc75f09e3144964f2cf3f50f0aa648679c211496f362492102eb8c894070792\windows-amd64\native-platform.dll
0x00007ff808df0000 - 0x00007ff808f81000 	C:\Users\spars\.gradle\native\12488b8bf47d2d4c9fbf2f6322a914ad602e24e48041cd04a747c6da556b65c4\windows-amd64\native-platform-file-events.dll
0x00007ff837220000 - 0x00007ff83722d000 	D:\installation and crap\jre\jre\bin\management.dll
0x00007ff8434d0000 - 0x00007ff8434e8000 	C:\WINDOWS\SYSTEM32\CRYPTSP.dll
0x00007ff842d40000 - 0x00007ff842d75000 	C:\WINDOWS\system32\rsaenh.dll
0x00007ff843380000 - 0x00007ff8433a9000 	C:\WINDOWS\SYSTEM32\USERENV.dll
0x00007ff843650000 - 0x00007ff843677000 	C:\WINDOWS\SYSTEM32\bcrypt.dll
0x00007ff8444b0000 - 0x00007ff84452f000 	C:\WINDOWS\System32\bcryptprimitives.dll
0x00007ff8434f0000 - 0x00007ff8434fc000 	C:\WINDOWS\SYSTEM32\CRYPTBASE.dll
0x00007ff8428e0000 - 0x00007ff84290d000 	C:\WINDOWS\SYSTEM32\IPHLPAPI.DLL
0x00007ff845150000 - 0x00007ff845159000 	C:\WINDOWS\System32\NSI.dll
0x00007ff83eb30000 - 0x00007ff83eb49000 	C:\WINDOWS\SYSTEM32\dhcpcsvc6.DLL
0x00007ff83f260000 - 0x00007ff83f27e000 	C:\WINDOWS\SYSTEM32\dhcpcsvc.DLL
0x00007ff842950000 - 0x00007ff842a37000 	C:\WINDOWS\SYSTEM32\DNSAPI.dll
0x00007ff83f740000 - 0x00007ff83f74c000 	C:\WINDOWS\SYSTEM32\WINNSI.DLL

VM Arguments:
jvm_args: -Dorg.gradle.appname=gradlew 
java_command: org.gradle.wrapper.GradleWrapperMain -q -Ptarget-platform=android-x86 -Ptarget=C:\Users\spars\OneDrive\Desktop\kisan app\delivery\lib\main.dart -Pbase-application-name=android.app.Application -Pdart-defines=Zmx1dHRlci5pbnNwZWN0b3Iuc3RydWN0dXJlZEVycm9ycz10cnVl,RkxVVFRFUl9XRUJfQVVUT19ERVRFQ1Q9dHJ1ZQ== -Pdart-obfuscation=false -Ptrack-widget-creation=true -Ptree-shake-icons=false -Pfilesystem-scheme=org-dartlang-root assembleDebug
java_class_path (initial): C:\Users\spars\OneDrive\Desktop\kisan app\delivery\android\\gradle\wrapper\gradle-wrapper.jar
Launcher Type: SUN_STANDARD

Environment Variables:
JAVA_HOME=D:\installation and crap\jre
CLASSPATH=C:\Users\spars\OneDrive\Desktop\kisan app\delivery\android\\gradle\wrapper\gradle-wrapper.jar
PATH=C:\Program Files\Common Files\Oracle\Java\javapath;C:\Users\spars\AppData\Local\Pub\Cache\bin;C:\Windows\System32;C:\Windows\System32\WindowsPowerShell\v1.0;C:\Program Files\Java\jdk-16.0.2\bin;D:\program files\flutter\bin;D:\program files\Git\cmd;C:\hadoop-3.3.1\hadoop-3.3.1\bin;C:\hadoop-3.3.1\hadoop-3.3.1\sbin;D:\program files\flutter\bin;D:\program files\Microsoft VS Code\bin;D:\program files\flutter\bin\mingit\cmd
USERNAME=spars
OS=Windows_NT
PROCESSOR_IDENTIFIER=Intel64 Family 6 Model 158 Stepping 10, GenuineIntel



---------------  S Y S T E M  ---------------

OS: Windows 10.0 , 64 bit Build 22000 (10.0.22000.434)

CPU:total 8 (initial active 8) (4 cores per cpu, 2 threads per core) family 6 model 158 stepping 10, cmov, cx8, fxsr, mmx, sse, sse2, sse3, ssse3, sse4.1, sse4.2, popcnt, avx, avx2, aes, clmul, erms, 3dnowpref, lzcnt, ht, tsc, tscinvbit, bmi1, bmi2, adx

Memory: 4k page, physical 8225972k(331804k free), swap 33391796k(2548k free)

vm_info: OpenJDK 64-Bit Server VM (25.242-b01) for windows-amd64 JRE (1.8.0_242-release-1644-b01), built by "builder" with MS VC++ 10.0 (VS2010)

time: Sun Feb 20 19:00:31 2022
timezone: India Standard Time
elapsed time: 33 seconds (0d 0h 0m 33s)

